<?xml version="1.0" encoding="UTF-8"?>
<testng-results ignored="0" total="1" passed="1" failed="0" skipped="0">
  <reporter-output>
  </reporter-output>
  <suite started-at="2025-03-16T08:59:21 GMT" name="Suite" finished-at="2025-03-16T08:59:29 GMT" duration-ms="7693">
    <groups>
      <group name="cucumber">
        <method signature="AbstractTestNGCucumberTests.runScenario(io.cucumber.testng.PickleWrapper,io.cucumber.testng.FeatureWrapper)[pri:0, instance:runner.Runner@55141def]" name="runScenario" class="io.cucumber.testng.AbstractTestNGCucumberTests"/>
      </group> <!-- cucumber -->
    </groups>
    <test started-at="2025-03-16T08:59:21 GMT" name="Test2" finished-at="2025-03-16T08:59:29 GMT" duration-ms="7693">
      <class name="runner.Runner">
        <test-method is-config="true" signature="setUpClass(org.testng.ITestContext)[pri:0, instance:runner.Runner@55141def]" started-at="2025-03-16T08:59:21 GMT" name="setUpClass" finished-at="2025-03-16T08:59:21 GMT" duration-ms="61" status="PASS">
          <params>
            <param index="0">
              <value>
                <![CDATA[org.testng.TestRunner@54f66455]]>
              </value>
            </param>
          </params>
          <reporter-output>
          </reporter-output>
        </test-method> <!-- setUpClass -->
        <test-method signature="runScenario(io.cucumber.testng.PickleWrapper,io.cucumber.testng.FeatureWrapper)[pri:0, instance:runner.Runner@55141def]" started-at="2025-03-16T08:59:21 GMT" name="runScenario" description="Runs Cucumber Scenarios" data-provider="scenarios" finished-at="2025-03-16T08:59:29 GMT" duration-ms="7617" status="PASS">
          <params>
            <param index="0">
              <value>
                <![CDATA["Login user able to successfully logout of the application"]]>
              </value>
            </param>
            <param index="1">
              <value>
                <![CDATA["Register and login functionality"]]>
              </value>
            </param>
          </params>
          <reporter-output>
          </reporter-output>
        </test-method> <!-- runScenario -->
        <test-method is-config="true" signature="tearDownClass()[pri:0, instance:runner.Runner@55141def]" started-at="2025-03-16T08:59:29 GMT" name="tearDownClass" finished-at="2025-03-16T08:59:29 GMT" duration-ms="3" status="PASS">
          <reporter-output>
          </reporter-output>
        </test-method> <!-- tearDownClass -->
      </class> <!-- runner.Runner -->
    </test> <!-- Test2 -->
  </suite> <!-- Suite -->
</testng-results>
